Function entry:             1380
Verification result:        Verified
#instructions:              35
#assertions:                0
#unresolved indirect jumps: 0
#unresolved indirect calls: 0
#blocks:                    11
#edges:                     13



Return behavior: returning with
RIP := [RSP_0x1380_0, 8]_0
RAX := {0,0xffffffff}
RCX := top
RDX := {0x203f,RDX_0,[(RSI_0 + 8), 8]_0,[(RSI_0 + Bot[c||]), 8]_0}
RDI := {0x2006,0x201d,0x2026,RDI_0}
RSI := top
RSP := (RSP_0x1380_0 + 8)
RBP := RBP_0
[RSP_0x1380,8] := [RSP_0x1380_0, 8]_0
[RSP_0x1380 - 0x1c,4] := top
[RSP_0x1380 - 0x18,8] := RSI_0
[RSP_0x1380 - 0x10,4] := b32(RDI_0)
[RSP_0x1380 - 0xc,4] := {0,0xffffffff}
[RSP_0x1380 - 0x8,8] := RBP_0
[0x4060,8] := [0x4060, 8]_0+...
[0x4068,8] := top





