Function entry:             11b0
Verification result:        Verified (with assumptions)
#instructions:              95
#assertions:                0
#unresolved indirect jumps: 0
#unresolved indirect calls: 0
#blocks:                    29
#edges:                     35



Return behavior: returning with
RIP := [RSP_0x11b0_0, 8]_0
RAX := top
RDX := {0,16,1023,RDX_0,(RSP_0x11b0_0 - 1076)}
RDI := top
RSI := {1,[RSI_0, 8]_0,[(RSI_0 + 8), 8]_0,(RSP_0x11b0_0 - 1064),(RSP_0x11b0_0 - 1080)}
RSP := (RSP_0x11b0_0 + 8)
RBP := RBP_0
[RSP_0x11b0,8] := [RSP_0x11b0_0, 8]_0
[RSP_0x11b0 - 0x18,8] := RSI_0
[RSP_0x11b0 - 0x8,8] := RBP_0
[RSP_0x11b0 + Top,u] := top




FUNCTION POINTERS USED:
@126e: function pointers [1388]

