Function entry:             1190
Verification result:        Verified
#instructions:              37
#assertions:                0
#unresolved indirect jumps: 0
#unresolved indirect calls: 0
#blocks:                    12
#edges:                     13



Return behavior: returning with
RIP := [RSP_0x1190_0, 8]_0
RAX := {0x4060,Bot[c|printf|]}
RCX := {RCX_0+...,[0x4060, 8]_0+...}
RDX := {RDX_0,RDI_0}
RDI := {0x2006,0x201d}
RSI := top
RSP := (RSP_0x1190_0 + 8)
RBP := RBP_0
[RSP_0x1190,8] := [RSP_0x1190_0, 8]_0
[RSP_0x1190 - 0x18,8] := malloc@1060()
[RSP_0x1190 - 0x10,8] := RDI_0
[RSP_0x1190 - 0x8,8] := RBP_0
[0x4060,8] := [0x4060, 8]_0+...
[0x4068,8] := top





